2017-03-24 18:52:45 - MOD: Modification Default
FILE: system/engine/action.php
REGEX: ~(require|include)(_once)?\(([^)]+)~
LINE: 39
FILE: system/engine/loader.php
REGEX: ~(require|include)(_once)?\(([^)]+)~
LINE: 20
LINE: 59
LINE: 80
LINE: 99
FILE: system/library/config.php
REGEX: ~(require|include)(_once)?\(([^)]+)~
LINE: 23
FILE: system/library/language.php
REGEX: ~(require|include)(_once)?\(([^)]+)~
LINE: 25
LINE: 31
----------------------------------------------------------------
2017-03-24 18:52:48 - MOD: Modification Default
FILE: system/engine/action.php
REGEX: ~(require|include)(_once)?\(([^)]+)~
LINE: 39
FILE: system/engine/loader.php
REGEX: ~(require|include)(_once)?\(([^)]+)~
LINE: 20
LINE: 59
LINE: 80
LINE: 99
FILE: system/library/config.php
REGEX: ~(require|include)(_once)?\(([^)]+)~
LINE: 23
FILE: system/library/language.php
REGEX: ~(require|include)(_once)?\(([^)]+)~
LINE: 25
LINE: 31
----------------------------------------------------------------
2017-03-24 18:53:16 - MOD: Modification Default
FILE: system/engine/action.php
REGEX: ~(require|include)(_once)?\(([^)]+)~
LINE: 39
FILE: system/engine/loader.php
REGEX: ~(require|include)(_once)?\(([^)]+)~
LINE: 20
LINE: 59
LINE: 80
LINE: 99
FILE: system/library/config.php
REGEX: ~(require|include)(_once)?\(([^)]+)~
LINE: 23
FILE: system/library/language.php
REGEX: ~(require|include)(_once)?\(([^)]+)~
LINE: 25
LINE: 31
----------------------------------------------------------------
2017-03-24 18:53:17 - MOD: Modification Default
FILE: system/engine/action.php
REGEX: ~(require|include)(_once)?\(([^)]+)~
LINE: 39
FILE: system/engine/loader.php
REGEX: ~(require|include)(_once)?\(([^)]+)~
LINE: 20
LINE: 59
LINE: 80
LINE: 99
FILE: system/library/config.php
REGEX: ~(require|include)(_once)?\(([^)]+)~
LINE: 23
FILE: system/library/language.php
REGEX: ~(require|include)(_once)?\(([^)]+)~
LINE: 25
LINE: 31
----------------------------------------------------------------
2017-03-24 18:55:17 - MOD: Modification Default
FILE: system/engine/action.php
REGEX: ~(require|include)(_once)?\(([^)]+)~
LINE: 39
FILE: system/engine/loader.php
REGEX: ~(require|include)(_once)?\(([^)]+)~
LINE: 20
LINE: 59
LINE: 80
LINE: 99
FILE: system/library/config.php
REGEX: ~(require|include)(_once)?\(([^)]+)~
LINE: 23
FILE: system/library/language.php
REGEX: ~(require|include)(_once)?\(([^)]+)~
LINE: 25
LINE: 31
----------------------------------------------------------------
2017-03-24 18:55:17 - MOD: Modification Default
FILE: system/engine/action.php
REGEX: ~(require|include)(_once)?\(([^)]+)~
LINE: 39
FILE: system/engine/loader.php
REGEX: ~(require|include)(_once)?\(([^)]+)~
LINE: 20
LINE: 59
LINE: 80
LINE: 99
FILE: system/library/config.php
REGEX: ~(require|include)(_once)?\(([^)]+)~
LINE: 23
FILE: system/library/language.php
REGEX: ~(require|include)(_once)?\(([^)]+)~
LINE: 25
LINE: 31
----------------------------------------------------------------
2017-03-24 19:02:26 - MOD: Modification Default
FILE: system/engine/action.php
REGEX: ~(require|include)(_once)?\(([^)]+)~
LINE: 39
FILE: system/engine/loader.php
REGEX: ~(require|include)(_once)?\(([^)]+)~
LINE: 20
LINE: 59
LINE: 80
LINE: 99
FILE: system/library/config.php
REGEX: ~(require|include)(_once)?\(([^)]+)~
LINE: 23
FILE: system/library/language.php
REGEX: ~(require|include)(_once)?\(([^)]+)~
LINE: 25
LINE: 31
----------------------------------------------------------------
MOD: Local copy OCMOD by iSenseLabs
FILE: admin/controller/extension/installer.php
CODE: 'url'  => str_replace('&amp;', '&', $this->url->link('extension/installer/ftp', 'token=' . $this->session->data['token'],
LINE: 132
CODE: public function unzip() {
LINE: 293
----------------------------------------------------------------
2017-03-24 19:03:15 - MOD: Modification Default
FILE: system/engine/action.php
REGEX: ~(require|include)(_once)?\(([^)]+)~
LINE: 39
FILE: system/engine/loader.php
REGEX: ~(require|include)(_once)?\(([^)]+)~
LINE: 20
LINE: 59
LINE: 80
LINE: 99
FILE: system/library/config.php
REGEX: ~(require|include)(_once)?\(([^)]+)~
LINE: 23
FILE: system/library/language.php
REGEX: ~(require|include)(_once)?\(([^)]+)~
LINE: 25
LINE: 31
----------------------------------------------------------------
MOD: Export/Import Tool (V3.11) for OpenCart 2.x
FILE: admin/controller/common/menu.php
CODE: $data['text_backup'] = $this->language->get('text_backup');
LINE: 13
CODE: $data['backup'] = $this->url->link('tool/backup', 'token=' . $this->session->data['token'],
LINE: 121
FILE: admin/language/english/common/menu.php
CODE: $_['text_backup']
LINE: 10
FILE: admin/language/russian/common/menu.php
CODE: $_['text_backup']
LINE: 10
FILE: admin/view/template/common/menu.tpl
CODE: <li><a href="<?php echo $backup; ?>"><?php echo $text_backup; ?></a></li>
LINE: 160
FILE: admin/controller/common/column_left.php
CODE: if ($this->user->hasPermission('access', 'tool/log')) {
NOT FOUND!
----------------------------------------------------------------
MOD: Local copy OCMOD by iSenseLabs
FILE: admin/controller/extension/installer.php
CODE: 'url'  => str_replace('&amp;', '&', $this->url->link('extension/installer/ftp', 'token=' . $this->session->data['token'],
LINE: 132
CODE: public function unzip() {
LINE: 293
----------------------------------------------------------------
2017-03-24 19:05:53 - MOD: Modification Default
FILE: system/engine/action.php
REGEX: ~(require|include)(_once)?\(([^)]+)~
LINE: 39
FILE: system/engine/loader.php
REGEX: ~(require|include)(_once)?\(([^)]+)~
LINE: 20
LINE: 59
LINE: 80
LINE: 99
FILE: system/library/config.php
REGEX: ~(require|include)(_once)?\(([^)]+)~
LINE: 23
FILE: system/library/language.php
REGEX: ~(require|include)(_once)?\(([^)]+)~
LINE: 25
LINE: 31
----------------------------------------------------------------
MOD: Local copy OCMOD by iSenseLabs
FILE: admin/controller/extension/installer.php
CODE: 'url'  => str_replace('&amp;', '&', $this->url->link('extension/installer/ftp', 'token=' . $this->session->data['token'],
LINE: 132
CODE: public function unzip() {
LINE: 293
----------------------------------------------------------------
2017-03-24 19:06:36 - MOD: Modification Default
FILE: system/engine/action.php
REGEX: ~(require|include)(_once)?\(([^)]+)~
LINE: 39
FILE: system/engine/loader.php
REGEX: ~(require|include)(_once)?\(([^)]+)~
LINE: 20
LINE: 59
LINE: 80
LINE: 99
FILE: system/library/config.php
REGEX: ~(require|include)(_once)?\(([^)]+)~
LINE: 23
FILE: system/library/language.php
REGEX: ~(require|include)(_once)?\(([^)]+)~
LINE: 25
LINE: 31
----------------------------------------------------------------
MOD: Export/Import Tool (V3.11) for OpenCart 2.x
FILE: admin/controller/common/menu.php
CODE: $data['text_backup'] = $this->language->get('text_backup');
LINE: 13
CODE: $data['backup'] = $this->url->link('tool/backup', 'token=' . $this->session->data['token'],
LINE: 121
FILE: admin/language/english/common/menu.php
CODE: $_['text_backup']
LINE: 10
FILE: admin/language/russian/common/menu.php
CODE: $_['text_backup']
LINE: 10
FILE: admin/view/template/common/menu.tpl
CODE: <li><a href="<?php echo $backup; ?>"><?php echo $text_backup; ?></a></li>
LINE: 160
FILE: admin/controller/common/column_left.php
CODE: if ($this->user->hasPermission('access', 'tool/log')) {
NOT FOUND!
----------------------------------------------------------------
MOD: Local copy OCMOD by iSenseLabs
FILE: admin/controller/extension/installer.php
CODE: 'url'  => str_replace('&amp;', '&', $this->url->link('extension/installer/ftp', 'token=' . $this->session->data['token'],
LINE: 132
CODE: public function unzip() {
LINE: 293
----------------------------------------------------------------
2017-03-24 19:09:21 - MOD: Modification Default
FILE: system/engine/action.php
REGEX: ~(require|include)(_once)?\(([^)]+)~
LINE: 39
FILE: system/engine/loader.php
REGEX: ~(require|include)(_once)?\(([^)]+)~
LINE: 20
LINE: 59
LINE: 80
LINE: 99
FILE: system/library/config.php
REGEX: ~(require|include)(_once)?\(([^)]+)~
LINE: 23
FILE: system/library/language.php
REGEX: ~(require|include)(_once)?\(([^)]+)~
LINE: 25
LINE: 31
----------------------------------------------------------------
MOD: Local copy OCMOD by iSenseLabs
FILE: admin/controller/extension/installer.php
CODE: 'url'  => str_replace('&amp;', '&', $this->url->link('extension/installer/ftp', 'token=' . $this->session->data['token'],
LINE: 132
CODE: public function unzip() {
LINE: 293
----------------------------------------------------------------
2017-03-24 19:09:58 - MOD: Modification Default
FILE: system/engine/action.php
REGEX: ~(require|include)(_once)?\(([^)]+)~
LINE: 39
FILE: system/engine/loader.php
REGEX: ~(require|include)(_once)?\(([^)]+)~
LINE: 20
LINE: 59
LINE: 80
LINE: 99
FILE: system/library/config.php
REGEX: ~(require|include)(_once)?\(([^)]+)~
LINE: 23
FILE: system/library/language.php
REGEX: ~(require|include)(_once)?\(([^)]+)~
LINE: 25
LINE: 31
----------------------------------------------------------------
MOD: Local copy OCMOD by iSenseLabs
FILE: admin/controller/extension/installer.php
CODE: 'url'  => str_replace('&amp;', '&', $this->url->link('extension/installer/ftp', 'token=' . $this->session->data['token'],
LINE: 132
CODE: public function unzip() {
LINE: 293
----------------------------------------------------------------
2017-03-24 19:10:29 - MOD: Modification Default
FILE: system/engine/action.php
REGEX: ~(require|include)(_once)?\(([^)]+)~
LINE: 39
FILE: system/engine/loader.php
REGEX: ~(require|include)(_once)?\(([^)]+)~
LINE: 20
LINE: 59
LINE: 80
LINE: 99
FILE: system/library/config.php
REGEX: ~(require|include)(_once)?\(([^)]+)~
LINE: 23
FILE: system/library/language.php
REGEX: ~(require|include)(_once)?\(([^)]+)~
LINE: 25
LINE: 31
----------------------------------------------------------------
MOD: Export/Import Tool (V3.11) for OpenCart 2.x
FILE: admin/controller/common/menu.php
CODE: $data['text_backup'] = $this->language->get('text_backup');
LINE: 13
CODE: $data['backup'] = $this->url->link('tool/backup', 'token=' . $this->session->data['token'],
LINE: 121
FILE: admin/language/english/common/menu.php
CODE: $_['text_backup']
LINE: 10
FILE: admin/language/russian/common/menu.php
CODE: $_['text_backup']
LINE: 10
FILE: admin/view/template/common/menu.tpl
CODE: <li><a href="<?php echo $backup; ?>"><?php echo $text_backup; ?></a></li>
LINE: 160
FILE: admin/controller/common/column_left.php
CODE: if ($this->user->hasPermission('access', 'tool/log')) {
NOT FOUND!
----------------------------------------------------------------
MOD: Local copy OCMOD by iSenseLabs
FILE: admin/controller/extension/installer.php
CODE: 'url'  => str_replace('&amp;', '&', $this->url->link('extension/installer/ftp', 'token=' . $this->session->data['token'],
LINE: 132
CODE: public function unzip() {
LINE: 293
----------------------------------------------------------------
2017-03-28 7:49:23 - MOD: Modification Default
FILE: system/engine/action.php
REGEX: ~(require|include)(_once)?\(([^)]+)~
LINE: 39
FILE: system/engine/loader.php
REGEX: ~(require|include)(_once)?\(([^)]+)~
LINE: 20
LINE: 59
LINE: 80
LINE: 99
FILE: system/library/config.php
REGEX: ~(require|include)(_once)?\(([^)]+)~
LINE: 23
FILE: system/library/language.php
REGEX: ~(require|include)(_once)?\(([^)]+)~
LINE: 25
LINE: 31
----------------------------------------------------------------
MOD: Export/Import Tool (V3.11) for OpenCart 2.x
FILE: admin/controller/common/menu.php
CODE: $data['text_backup'] = $this->language->get('text_backup');
LINE: 13
CODE: $data['backup'] = $this->url->link('tool/backup', 'token=' . $this->session->data['token'],
LINE: 121
FILE: admin/language/english/common/menu.php
CODE: $_['text_backup']
LINE: 10
FILE: admin/language/russian/common/menu.php
CODE: $_['text_backup']
LINE: 10
FILE: admin/view/template/common/menu.tpl
CODE: <li><a href="<?php echo $backup; ?>"><?php echo $text_backup; ?></a></li>
LINE: 160
FILE: admin/controller/common/column_left.php
CODE: if ($this->user->hasPermission('access', 'tool/log')) {
NOT FOUND!
----------------------------------------------------------------
MOD: Local copy OCMOD by iSenseLabs
FILE: admin/controller/extension/installer.php
CODE: 'url'  => str_replace('&amp;', '&', $this->url->link('extension/installer/ftp', 'token=' . $this->session->data['token'],
LINE: 132
CODE: public function unzip() {
LINE: 293
----------------------------------------------------------------
2017-03-28 7:49:33 - MOD: Modification Default
FILE: system/engine/action.php
REGEX: ~(require|include)(_once)?\(([^)]+)~
LINE: 39
FILE: system/engine/loader.php
REGEX: ~(require|include)(_once)?\(([^)]+)~
LINE: 20
LINE: 59
LINE: 80
LINE: 99
FILE: system/library/config.php
REGEX: ~(require|include)(_once)?\(([^)]+)~
LINE: 23
FILE: system/library/language.php
REGEX: ~(require|include)(_once)?\(([^)]+)~
LINE: 25
LINE: 31
----------------------------------------------------------------
MOD: Export/Import Tool (V3.11) for OpenCart 2.x
FILE: admin/controller/common/menu.php
CODE: $data['text_backup'] = $this->language->get('text_backup');
LINE: 13
CODE: $data['backup'] = $this->url->link('tool/backup', 'token=' . $this->session->data['token'],
LINE: 121
FILE: admin/language/english/common/menu.php
CODE: $_['text_backup']
LINE: 10
FILE: admin/language/russian/common/menu.php
CODE: $_['text_backup']
LINE: 10
FILE: admin/view/template/common/menu.tpl
CODE: <li><a href="<?php echo $backup; ?>"><?php echo $text_backup; ?></a></li>
LINE: 160
FILE: admin/controller/common/column_left.php
CODE: if ($this->user->hasPermission('access', 'tool/log')) {
NOT FOUND!
----------------------------------------------------------------
MOD: Local copy OCMOD by iSenseLabs
FILE: admin/controller/extension/installer.php
CODE: 'url'  => str_replace('&amp;', '&', $this->url->link('extension/installer/ftp', 'token=' . $this->session->data['token'],
LINE: 132
CODE: public function unzip() {
LINE: 293
----------------------------------------------------------------
2017-03-28 9:00:55 - MOD: Modification Default
FILE: system/engine/action.php
REGEX: ~(require|include)(_once)?\(([^)]+)~
LINE: 39
FILE: system/engine/loader.php
REGEX: ~(require|include)(_once)?\(([^)]+)~
LINE: 20
LINE: 59
LINE: 80
LINE: 99
FILE: system/library/config.php
REGEX: ~(require|include)(_once)?\(([^)]+)~
LINE: 23
FILE: system/library/language.php
REGEX: ~(require|include)(_once)?\(([^)]+)~
LINE: 25
LINE: 31
----------------------------------------------------------------
MOD: Mega Filter PRO
FILE: catalog/controller/common/column_left.php
CODE: if (isset($part[0]) && $this->config->get($part[0] . '_status')) {
LINE: 50
FILE: catalog/controller/common/column_right.php
CODE: if (isset($part[0]) && $this->config->get($part[0] . '_status')) {
LINE: 50
FILE: catalog/controller/common/content_top.php
CODE: if (isset($part[0]) && $this->config->get($part[0] . '_status')) {
LINE: 50
FILE: catalog/controller/common/header.php
CODE: 'filter_sub_category' => true
LINE: 131
LINE: 139
FILE: catalog/controller/module/category.php
CODE: 'filter_sub_category' => true
LINE: 41
LINE: 53
FILE: admin/controller/design/layout.php
CODE: foreach ($extensions as $code) {
LINE: 380
CODE: $this->response->setOutput(
LINE: 264
LINE: 425
FILE: admin/model/design/layout.php
CODE: $this->db->query("DELETE FROM " . DB_PREFIX . "layout_module WHERE layout_id = '" . (int)$layout_id . "'");
LINE: 39
LINE: 55
FILE: system/engine/controller.php
CODE: $this->registry = $registry;
LINE: 54
FILE: catalog/controller/product/special.php
CODE: $product_total = $this->model_catalog_product->getTotalProductSpecials();
LINE: 101
FILE: catalog/controller/common/seo_url.php
CODE: unset($data['route']);
LINE: 120
CODE: $query = $this->db->query("SELECT * FROM " . DB_PREFIX . "url_alias WHERE keyword = '" . $this->db->escape($part) . "'");
LINE: 34
REGEX: ~foreach *\( *\$parts as \$part *\) \{~
LINE: 18
FILE: catalog/model/catalog/product.php
CODE: $query = $this->db->query($sql);
LINE: 202
LINE: 265
LINE: 527
CODE: $query = $this->db->query("SELECT COUNT(DISTINCT ps.product_id) AS total FROM " . DB_PREFIX . "product_special
LINE: 541
CODE: $sql = ("SELECT COUNT(DISTINCT ps.product_id) AS total FROM " . DB_PREFIX . "product_special
LINE: 552
FILE: catalog/controller/product/category.php
CODE: $product_total = $this->model_catalog_product->getTotalProducts($filter_data);
LINE: 197
FILE: catalog/controller/product/search.php
CODE: $product_total = $this->model_catalog_product->getTotalProducts($filter_data);
LINE: 231
CODE: $data['categories'] = array();
LINE: 174
CODE: $data['products'] = array();
LINE: 196
CODE: $parts = explode('_', (string)$this->request->get['path']);
LINE: 70
CODE: $this->document->addLink($this->url->link('product/category', 'path=' . $this->request->get['path']), 'canonical');
NOT FOUND!
CODE: $url = '';
LINE: 54
LINE: 147
LINE: 310
LINE: 383
LINE: 416
LINE: 481
CODE: $this->response->setOutput(
LINE: 476
LINE: 483
LINE: 547
LINE: 554
CODE: $product_total = $this->model_catalog_product->getTotalProducts($filter_data);
LINE: 245
FILE: catalog/controller/product/manufacturer.php
CODE: $url = '';
LINE: 128
LINE: 251
LINE: 320
LINE: 349
LINE: 410
CODE: $this->response->setOutput(
LINE: 66
LINE: 73
LINE: 415
LINE: 422
LINE: 482
LINE: 489
CODE: $product_total = $this->model_catalog_product->getTotalProducts($filter_data);
LINE: 196
CODE: $url = '';
LINE: 87
LINE: 304
LINE: 393
LINE: 442
CODE: $this->response->setOutput(
LINE: 522
LINE: 529
CODE: $product_total = $this->model_catalog_product->getTotalProducts($filter_data);
LINE: 239
CODE: $url = '';
LINE: 47
LINE: 174
LINE: 243
LINE: 272
CODE: $this->response->setOutput(
LINE: 328
LINE: 335
CODE: $product_total = $this->model_catalog_product->getTotalProducts($filter_data);
NOT FOUND!
FILE: catalog/controller/module/mega_filter.php
CODE: $url = '';
LINE: 115
LINE: 279
LINE: 344
LINE: 373
CODE: $this->response->setOutput(
LINE: 436
LINE: 444
LINE: 451
CODE: $product_total = $this->model_catalog_product->getTotalProducts($filter_data);
LINE: 201
FILE: system/library/mfilter_module.php
CODE: class MegaFilterModule
LINE: 21
FILE: system/engine/event.php
CODE: trigger($event, array $args = array()) {
NOT FOUND!
----------------------------------------------------------------
MOD: Export/Import Tool (V3.11) for OpenCart 2.x
FILE: admin/controller/common/menu.php
CODE: $data['text_backup'] = $this->language->get('text_backup');
LINE: 13
CODE: $data['backup'] = $this->url->link('tool/backup', 'token=' . $this->session->data['token'],
LINE: 121
FILE: admin/language/english/common/menu.php
CODE: $_['text_backup']
LINE: 10
FILE: admin/language/russian/common/menu.php
CODE: $_['text_backup']
LINE: 10
FILE: admin/view/template/common/menu.tpl
CODE: <li><a href="<?php echo $backup; ?>"><?php echo $text_backup; ?></a></li>
LINE: 160
FILE: admin/controller/common/column_left.php
CODE: if ($this->user->hasPermission('access', 'tool/log')) {
NOT FOUND!
----------------------------------------------------------------
MOD: Local copy OCMOD by iSenseLabs
FILE: admin/controller/extension/installer.php
CODE: 'url'  => str_replace('&amp;', '&', $this->url->link('extension/installer/ftp', 'token=' . $this->session->data['token'],
LINE: 132
CODE: public function unzip() {
LINE: 293
----------------------------------------------------------------
2017-03-28 9:00:58 - MOD: Modification Default
FILE: system/engine/action.php
REGEX: ~(require|include)(_once)?\(([^)]+)~
LINE: 39
FILE: system/engine/loader.php
REGEX: ~(require|include)(_once)?\(([^)]+)~
LINE: 20
LINE: 59
LINE: 80
LINE: 99
FILE: system/library/config.php
REGEX: ~(require|include)(_once)?\(([^)]+)~
LINE: 23
FILE: system/library/language.php
REGEX: ~(require|include)(_once)?\(([^)]+)~
LINE: 25
LINE: 31
----------------------------------------------------------------
MOD: Mega Filter PRO
FILE: catalog/controller/common/column_left.php
CODE: if (isset($part[0]) && $this->config->get($part[0] . '_status')) {
LINE: 50
FILE: catalog/controller/common/column_right.php
CODE: if (isset($part[0]) && $this->config->get($part[0] . '_status')) {
LINE: 50
FILE: catalog/controller/common/content_top.php
CODE: if (isset($part[0]) && $this->config->get($part[0] . '_status')) {
LINE: 50
FILE: catalog/controller/common/header.php
CODE: 'filter_sub_category' => true
LINE: 131
LINE: 139
FILE: catalog/controller/module/category.php
CODE: 'filter_sub_category' => true
LINE: 41
LINE: 53
FILE: admin/controller/design/layout.php
CODE: foreach ($extensions as $code) {
LINE: 380
CODE: $this->response->setOutput(
LINE: 264
LINE: 425
FILE: admin/model/design/layout.php
CODE: $this->db->query("DELETE FROM " . DB_PREFIX . "layout_module WHERE layout_id = '" . (int)$layout_id . "'");
LINE: 39
LINE: 55
FILE: system/engine/controller.php
CODE: $this->registry = $registry;
LINE: 54
FILE: catalog/controller/product/special.php
CODE: $product_total = $this->model_catalog_product->getTotalProductSpecials();
LINE: 101
FILE: catalog/controller/common/seo_url.php
CODE: unset($data['route']);
LINE: 120
CODE: $query = $this->db->query("SELECT * FROM " . DB_PREFIX . "url_alias WHERE keyword = '" . $this->db->escape($part) . "'");
LINE: 34
REGEX: ~foreach *\( *\$parts as \$part *\) \{~
LINE: 18
FILE: catalog/model/catalog/product.php
CODE: $query = $this->db->query($sql);
LINE: 202
LINE: 265
LINE: 527
CODE: $query = $this->db->query("SELECT COUNT(DISTINCT ps.product_id) AS total FROM " . DB_PREFIX . "product_special
LINE: 541
CODE: $sql = ("SELECT COUNT(DISTINCT ps.product_id) AS total FROM " . DB_PREFIX . "product_special
LINE: 552
FILE: catalog/controller/product/category.php
CODE: $product_total = $this->model_catalog_product->getTotalProducts($filter_data);
LINE: 197
FILE: catalog/controller/product/search.php
CODE: $product_total = $this->model_catalog_product->getTotalProducts($filter_data);
LINE: 231
CODE: $data['categories'] = array();
LINE: 174
CODE: $data['products'] = array();
LINE: 196
CODE: $parts = explode('_', (string)$this->request->get['path']);
LINE: 70
CODE: $this->document->addLink($this->url->link('product/category', 'path=' . $this->request->get['path']), 'canonical');
NOT FOUND!
CODE: $url = '';
LINE: 54
LINE: 147
LINE: 310
LINE: 383
LINE: 416
LINE: 481
CODE: $this->response->setOutput(
LINE: 476
LINE: 483
LINE: 547
LINE: 554
CODE: $product_total = $this->model_catalog_product->getTotalProducts($filter_data);
LINE: 245
FILE: catalog/controller/product/manufacturer.php
CODE: $url = '';
LINE: 128
LINE: 251
LINE: 320
LINE: 349
LINE: 410
CODE: $this->response->setOutput(
LINE: 66
LINE: 73
LINE: 415
LINE: 422
LINE: 482
LINE: 489
CODE: $product_total = $this->model_catalog_product->getTotalProducts($filter_data);
LINE: 196
CODE: $url = '';
LINE: 87
LINE: 304
LINE: 393
LINE: 442
CODE: $this->response->setOutput(
LINE: 522
LINE: 529
CODE: $product_total = $this->model_catalog_product->getTotalProducts($filter_data);
LINE: 239
CODE: $url = '';
LINE: 47
LINE: 174
LINE: 243
LINE: 272
CODE: $this->response->setOutput(
LINE: 328
LINE: 335
CODE: $product_total = $this->model_catalog_product->getTotalProducts($filter_data);
NOT FOUND!
FILE: catalog/controller/module/mega_filter.php
CODE: $url = '';
LINE: 115
LINE: 279
LINE: 344
LINE: 373
CODE: $this->response->setOutput(
LINE: 436
LINE: 444
LINE: 451
CODE: $product_total = $this->model_catalog_product->getTotalProducts($filter_data);
LINE: 201
FILE: system/library/mfilter_module.php
CODE: class MegaFilterModule
LINE: 21
FILE: system/engine/event.php
CODE: trigger($event, array $args = array()) {
NOT FOUND!
----------------------------------------------------------------
MOD: Export/Import Tool (V3.11) for OpenCart 2.x
FILE: admin/controller/common/menu.php
CODE: $data['text_backup'] = $this->language->get('text_backup');
LINE: 13
CODE: $data['backup'] = $this->url->link('tool/backup', 'token=' . $this->session->data['token'],
LINE: 121
FILE: admin/language/english/common/menu.php
CODE: $_['text_backup']
LINE: 10
FILE: admin/language/russian/common/menu.php
CODE: $_['text_backup']
LINE: 10
FILE: admin/view/template/common/menu.tpl
CODE: <li><a href="<?php echo $backup; ?>"><?php echo $text_backup; ?></a></li>
LINE: 160
FILE: admin/controller/common/column_left.php
CODE: if ($this->user->hasPermission('access', 'tool/log')) {
NOT FOUND!
----------------------------------------------------------------
MOD: Local copy OCMOD by iSenseLabs
FILE: admin/controller/extension/installer.php
CODE: 'url'  => str_replace('&amp;', '&', $this->url->link('extension/installer/ftp', 'token=' . $this->session->data['token'],
LINE: 132
CODE: public function unzip() {
LINE: 293
----------------------------------------------------------------
2017-03-28 9:01:00 - MOD: Modification Default
FILE: system/engine/action.php
REGEX: ~(require|include)(_once)?\(([^)]+)~
LINE: 39
FILE: system/engine/loader.php
REGEX: ~(require|include)(_once)?\(([^)]+)~
LINE: 20
LINE: 59
LINE: 80
LINE: 99
FILE: system/library/config.php
REGEX: ~(require|include)(_once)?\(([^)]+)~
LINE: 23
FILE: system/library/language.php
REGEX: ~(require|include)(_once)?\(([^)]+)~
LINE: 25
LINE: 31
----------------------------------------------------------------
MOD: Mega Filter PRO
FILE: catalog/controller/common/column_left.php
CODE: if (isset($part[0]) && $this->config->get($part[0] . '_status')) {
LINE: 50
FILE: catalog/controller/common/column_right.php
CODE: if (isset($part[0]) && $this->config->get($part[0] . '_status')) {
LINE: 50
FILE: catalog/controller/common/content_top.php
CODE: if (isset($part[0]) && $this->config->get($part[0] . '_status')) {
LINE: 50
FILE: catalog/controller/common/header.php
CODE: 'filter_sub_category' => true
LINE: 131
LINE: 139
FILE: catalog/controller/module/category.php
CODE: 'filter_sub_category' => true
LINE: 41
LINE: 53
FILE: admin/controller/design/layout.php
CODE: foreach ($extensions as $code) {
LINE: 380
CODE: $this->response->setOutput(
LINE: 264
LINE: 425
FILE: admin/model/design/layout.php
CODE: $this->db->query("DELETE FROM " . DB_PREFIX . "layout_module WHERE layout_id = '" . (int)$layout_id . "'");
LINE: 39
LINE: 55
FILE: system/engine/controller.php
CODE: $this->registry = $registry;
LINE: 54
FILE: catalog/controller/product/special.php
CODE: $product_total = $this->model_catalog_product->getTotalProductSpecials();
LINE: 101
FILE: catalog/controller/common/seo_url.php
CODE: unset($data['route']);
LINE: 120
CODE: $query = $this->db->query("SELECT * FROM " . DB_PREFIX . "url_alias WHERE keyword = '" . $this->db->escape($part) . "'");
LINE: 34
REGEX: ~foreach *\( *\$parts as \$part *\) \{~
LINE: 18
FILE: catalog/model/catalog/product.php
CODE: $query = $this->db->query($sql);
LINE: 202
LINE: 265
LINE: 527
CODE: $query = $this->db->query("SELECT COUNT(DISTINCT ps.product_id) AS total FROM " . DB_PREFIX . "product_special
LINE: 541
CODE: $sql = ("SELECT COUNT(DISTINCT ps.product_id) AS total FROM " . DB_PREFIX . "product_special
LINE: 552
FILE: catalog/controller/product/category.php
CODE: $product_total = $this->model_catalog_product->getTotalProducts($filter_data);
LINE: 197
FILE: catalog/controller/product/search.php
CODE: $product_total = $this->model_catalog_product->getTotalProducts($filter_data);
LINE: 231
CODE: $data['categories'] = array();
LINE: 174
CODE: $data['products'] = array();
LINE: 196
CODE: $parts = explode('_', (string)$this->request->get['path']);
LINE: 70
CODE: $this->document->addLink($this->url->link('product/category', 'path=' . $this->request->get['path']), 'canonical');
NOT FOUND!
CODE: $url = '';
LINE: 54
LINE: 147
LINE: 310
LINE: 383
LINE: 416
LINE: 481
CODE: $this->response->setOutput(
LINE: 476
LINE: 483
LINE: 547
LINE: 554
CODE: $product_total = $this->model_catalog_product->getTotalProducts($filter_data);
LINE: 245
FILE: catalog/controller/product/manufacturer.php
CODE: $url = '';
LINE: 128
LINE: 251
LINE: 320
LINE: 349
LINE: 410
CODE: $this->response->setOutput(
LINE: 66
LINE: 73
LINE: 415
LINE: 422
LINE: 482
LINE: 489
CODE: $product_total = $this->model_catalog_product->getTotalProducts($filter_data);
LINE: 196
CODE: $url = '';
LINE: 87
LINE: 304
LINE: 393
LINE: 442
CODE: $this->response->setOutput(
LINE: 522
LINE: 529
CODE: $product_total = $this->model_catalog_product->getTotalProducts($filter_data);
LINE: 239
CODE: $url = '';
LINE: 47
LINE: 174
LINE: 243
LINE: 272
CODE: $this->response->setOutput(
LINE: 328
LINE: 335
CODE: $product_total = $this->model_catalog_product->getTotalProducts($filter_data);
NOT FOUND!
FILE: catalog/controller/module/mega_filter.php
CODE: $url = '';
LINE: 115
LINE: 279
LINE: 344
LINE: 373
CODE: $this->response->setOutput(
LINE: 436
LINE: 444
LINE: 451
CODE: $product_total = $this->model_catalog_product->getTotalProducts($filter_data);
LINE: 201
FILE: system/library/mfilter_module.php
CODE: class MegaFilterModule
LINE: 21
FILE: system/engine/event.php
CODE: trigger($event, array $args = array()) {
NOT FOUND!
----------------------------------------------------------------
MOD: Export/Import Tool (V3.11) for OpenCart 2.x
FILE: admin/controller/common/menu.php
CODE: $data['text_backup'] = $this->language->get('text_backup');
LINE: 13
CODE: $data['backup'] = $this->url->link('tool/backup', 'token=' . $this->session->data['token'],
LINE: 121
FILE: admin/language/english/common/menu.php
CODE: $_['text_backup']
LINE: 10
FILE: admin/language/russian/common/menu.php
CODE: $_['text_backup']
LINE: 10
FILE: admin/view/template/common/menu.tpl
CODE: <li><a href="<?php echo $backup; ?>"><?php echo $text_backup; ?></a></li>
LINE: 160
FILE: admin/controller/common/column_left.php
CODE: if ($this->user->hasPermission('access', 'tool/log')) {
NOT FOUND!
----------------------------------------------------------------
MOD: Local copy OCMOD by iSenseLabs
FILE: admin/controller/extension/installer.php
CODE: 'url'  => str_replace('&amp;', '&', $this->url->link('extension/installer/ftp', 'token=' . $this->session->data['token'],
LINE: 132
CODE: public function unzip() {
LINE: 293
----------------------------------------------------------------
2017-03-28 9:01:23 - MOD: Modification Default
FILE: system/engine/action.php
REGEX: ~(require|include)(_once)?\(([^)]+)~
LINE: 39
FILE: system/engine/loader.php
REGEX: ~(require|include)(_once)?\(([^)]+)~
LINE: 20
LINE: 59
LINE: 80
LINE: 99
FILE: system/library/config.php
REGEX: ~(require|include)(_once)?\(([^)]+)~
LINE: 23
FILE: system/library/language.php
REGEX: ~(require|include)(_once)?\(([^)]+)~
LINE: 25
LINE: 31
----------------------------------------------------------------
MOD: Mega Filter PRO
FILE: catalog/controller/common/column_left.php
CODE: if (isset($part[0]) && $this->config->get($part[0] . '_status')) {
LINE: 50
FILE: catalog/controller/common/column_right.php
CODE: if (isset($part[0]) && $this->config->get($part[0] . '_status')) {
LINE: 50
FILE: catalog/controller/common/content_top.php
CODE: if (isset($part[0]) && $this->config->get($part[0] . '_status')) {
LINE: 50
FILE: catalog/controller/common/header.php
CODE: 'filter_sub_category' => true
LINE: 131
LINE: 139
FILE: catalog/controller/module/category.php
CODE: 'filter_sub_category' => true
LINE: 41
LINE: 53
FILE: admin/controller/design/layout.php
CODE: foreach ($extensions as $code) {
LINE: 380
CODE: $this->response->setOutput(
LINE: 264
LINE: 425
FILE: admin/model/design/layout.php
CODE: $this->db->query("DELETE FROM " . DB_PREFIX . "layout_module WHERE layout_id = '" . (int)$layout_id . "'");
LINE: 39
LINE: 55
FILE: system/engine/controller.php
CODE: $this->registry = $registry;
LINE: 54
FILE: catalog/controller/product/special.php
CODE: $product_total = $this->model_catalog_product->getTotalProductSpecials();
LINE: 101
FILE: catalog/controller/common/seo_url.php
CODE: unset($data['route']);
LINE: 120
CODE: $query = $this->db->query("SELECT * FROM " . DB_PREFIX . "url_alias WHERE keyword = '" . $this->db->escape($part) . "'");
LINE: 34
REGEX: ~foreach *\( *\$parts as \$part *\) \{~
LINE: 18
FILE: catalog/model/catalog/product.php
CODE: $query = $this->db->query($sql);
LINE: 202
LINE: 265
LINE: 527
CODE: $query = $this->db->query("SELECT COUNT(DISTINCT ps.product_id) AS total FROM " . DB_PREFIX . "product_special
LINE: 541
CODE: $sql = ("SELECT COUNT(DISTINCT ps.product_id) AS total FROM " . DB_PREFIX . "product_special
LINE: 552
FILE: catalog/controller/product/category.php
CODE: $product_total = $this->model_catalog_product->getTotalProducts($filter_data);
LINE: 197
FILE: catalog/controller/product/search.php
CODE: $product_total = $this->model_catalog_product->getTotalProducts($filter_data);
LINE: 231
CODE: $data['categories'] = array();
LINE: 174
CODE: $data['products'] = array();
LINE: 196
CODE: $parts = explode('_', (string)$this->request->get['path']);
LINE: 70
CODE: $this->document->addLink($this->url->link('product/category', 'path=' . $this->request->get['path']), 'canonical');
NOT FOUND!
CODE: $url = '';
LINE: 54
LINE: 147
LINE: 310
LINE: 383
LINE: 416
LINE: 481
CODE: $this->response->setOutput(
LINE: 476
LINE: 483
LINE: 547
LINE: 554
CODE: $product_total = $this->model_catalog_product->getTotalProducts($filter_data);
LINE: 245
FILE: catalog/controller/product/manufacturer.php
CODE: $url = '';
LINE: 128
LINE: 251
LINE: 320
LINE: 349
LINE: 410
CODE: $this->response->setOutput(
LINE: 66
LINE: 73
LINE: 415
LINE: 422
LINE: 482
LINE: 489
CODE: $product_total = $this->model_catalog_product->getTotalProducts($filter_data);
LINE: 196
CODE: $url = '';
LINE: 87
LINE: 304
LINE: 393
LINE: 442
CODE: $this->response->setOutput(
LINE: 522
LINE: 529
CODE: $product_total = $this->model_catalog_product->getTotalProducts($filter_data);
LINE: 239
CODE: $url = '';
LINE: 47
LINE: 174
LINE: 243
LINE: 272
CODE: $this->response->setOutput(
LINE: 328
LINE: 335
CODE: $product_total = $this->model_catalog_product->getTotalProducts($filter_data);
NOT FOUND!
FILE: catalog/controller/module/mega_filter.php
CODE: $url = '';
LINE: 115
LINE: 279
LINE: 344
LINE: 373
CODE: $this->response->setOutput(
LINE: 436
LINE: 444
LINE: 451
CODE: $product_total = $this->model_catalog_product->getTotalProducts($filter_data);
LINE: 201
FILE: system/library/mfilter_module.php
CODE: class MegaFilterModule
LINE: 21
FILE: system/engine/event.php
CODE: trigger($event, array $args = array()) {
NOT FOUND!
----------------------------------------------------------------
MOD: Export/Import Tool (V3.11) for OpenCart 2.x
FILE: admin/controller/common/menu.php
CODE: $data['text_backup'] = $this->language->get('text_backup');
LINE: 13
CODE: $data['backup'] = $this->url->link('tool/backup', 'token=' . $this->session->data['token'],
LINE: 121
FILE: admin/language/english/common/menu.php
CODE: $_['text_backup']
LINE: 10
FILE: admin/language/russian/common/menu.php
CODE: $_['text_backup']
LINE: 10
FILE: admin/view/template/common/menu.tpl
CODE: <li><a href="<?php echo $backup; ?>"><?php echo $text_backup; ?></a></li>
LINE: 160
FILE: admin/controller/common/column_left.php
CODE: if ($this->user->hasPermission('access', 'tool/log')) {
NOT FOUND!
----------------------------------------------------------------
MOD: Local copy OCMOD by iSenseLabs
FILE: admin/controller/extension/installer.php
CODE: 'url'  => str_replace('&amp;', '&', $this->url->link('extension/installer/ftp', 'token=' . $this->session->data['token'],
LINE: 132
CODE: public function unzip() {
LINE: 293
----------------------------------------------------------------
2017-03-28 9:02:39 - MOD: Modification Default
FILE: system/engine/action.php
REGEX: ~(require|include)(_once)?\(([^)]+)~
LINE: 39
FILE: system/engine/loader.php
REGEX: ~(require|include)(_once)?\(([^)]+)~
LINE: 20
LINE: 59
LINE: 80
LINE: 99
FILE: system/library/config.php
REGEX: ~(require|include)(_once)?\(([^)]+)~
LINE: 23
FILE: system/library/language.php
REGEX: ~(require|include)(_once)?\(([^)]+)~
LINE: 25
LINE: 31
----------------------------------------------------------------
MOD: Mega Filter PRO
FILE: catalog/controller/common/column_left.php
CODE: if (isset($part[0]) && $this->config->get($part[0] . '_status')) {
LINE: 50
FILE: catalog/controller/common/column_right.php
CODE: if (isset($part[0]) && $this->config->get($part[0] . '_status')) {
LINE: 50
FILE: catalog/controller/common/content_top.php
CODE: if (isset($part[0]) && $this->config->get($part[0] . '_status')) {
LINE: 50
FILE: catalog/controller/common/header.php
CODE: 'filter_sub_category' => true
LINE: 131
LINE: 139
FILE: catalog/controller/module/category.php
CODE: 'filter_sub_category' => true
LINE: 41
LINE: 53
FILE: admin/controller/design/layout.php
CODE: foreach ($extensions as $code) {
LINE: 380
CODE: $this->response->setOutput(
LINE: 264
LINE: 425
FILE: admin/model/design/layout.php
CODE: $this->db->query("DELETE FROM " . DB_PREFIX . "layout_module WHERE layout_id = '" . (int)$layout_id . "'");
LINE: 39
LINE: 55
FILE: system/engine/controller.php
CODE: $this->registry = $registry;
LINE: 54
FILE: catalog/controller/product/special.php
CODE: $product_total = $this->model_catalog_product->getTotalProductSpecials();
LINE: 101
FILE: catalog/controller/common/seo_url.php
CODE: unset($data['route']);
LINE: 120
CODE: $query = $this->db->query("SELECT * FROM " . DB_PREFIX . "url_alias WHERE keyword = '" . $this->db->escape($part) . "'");
LINE: 34
REGEX: ~foreach *\( *\$parts as \$part *\) \{~
LINE: 18
FILE: catalog/model/catalog/product.php
CODE: $query = $this->db->query($sql);
LINE: 202
LINE: 265
LINE: 527
CODE: $query = $this->db->query("SELECT COUNT(DISTINCT ps.product_id) AS total FROM " . DB_PREFIX . "product_special
LINE: 541
CODE: $sql = ("SELECT COUNT(DISTINCT ps.product_id) AS total FROM " . DB_PREFIX . "product_special
LINE: 552
FILE: catalog/controller/product/category.php
CODE: $product_total = $this->model_catalog_product->getTotalProducts($filter_data);
LINE: 197
FILE: catalog/controller/product/search.php
CODE: $product_total = $this->model_catalog_product->getTotalProducts($filter_data);
LINE: 231
CODE: $data['categories'] = array();
LINE: 174
CODE: $data['products'] = array();
LINE: 196
CODE: $parts = explode('_', (string)$this->request->get['path']);
LINE: 70
CODE: $this->document->addLink($this->url->link('product/category', 'path=' . $this->request->get['path']), 'canonical');
NOT FOUND!
CODE: $url = '';
LINE: 54
LINE: 147
LINE: 310
LINE: 383
LINE: 416
LINE: 481
CODE: $this->response->setOutput(
LINE: 476
LINE: 483
LINE: 547
LINE: 554
CODE: $product_total = $this->model_catalog_product->getTotalProducts($filter_data);
LINE: 245
FILE: catalog/controller/product/manufacturer.php
CODE: $url = '';
LINE: 128
LINE: 251
LINE: 320
LINE: 349
LINE: 410
CODE: $this->response->setOutput(
LINE: 66
LINE: 73
LINE: 415
LINE: 422
LINE: 482
LINE: 489
CODE: $product_total = $this->model_catalog_product->getTotalProducts($filter_data);
LINE: 196
CODE: $url = '';
LINE: 87
LINE: 304
LINE: 393
LINE: 442
CODE: $this->response->setOutput(
LINE: 522
LINE: 529
CODE: $product_total = $this->model_catalog_product->getTotalProducts($filter_data);
LINE: 239
CODE: $url = '';
LINE: 47
LINE: 174
LINE: 243
LINE: 272
CODE: $this->response->setOutput(
LINE: 328
LINE: 335
CODE: $product_total = $this->model_catalog_product->getTotalProducts($filter_data);
NOT FOUND!
FILE: catalog/controller/module/mega_filter.php
CODE: $url = '';
LINE: 115
LINE: 279
LINE: 344
LINE: 373
CODE: $this->response->setOutput(
LINE: 436
LINE: 444
LINE: 451
CODE: $product_total = $this->model_catalog_product->getTotalProducts($filter_data);
LINE: 201
FILE: system/library/mfilter_module.php
CODE: class MegaFilterModule
LINE: 21
FILE: system/engine/event.php
CODE: trigger($event, array $args = array()) {
NOT FOUND!
----------------------------------------------------------------
MOD: Export/Import Tool (V3.11) for OpenCart 2.x
FILE: admin/controller/common/menu.php
CODE: $data['text_backup'] = $this->language->get('text_backup');
LINE: 13
CODE: $data['backup'] = $this->url->link('tool/backup', 'token=' . $this->session->data['token'],
LINE: 121
FILE: admin/language/english/common/menu.php
CODE: $_['text_backup']
LINE: 10
FILE: admin/language/russian/common/menu.php
CODE: $_['text_backup']
LINE: 10
FILE: admin/view/template/common/menu.tpl
CODE: <li><a href="<?php echo $backup; ?>"><?php echo $text_backup; ?></a></li>
LINE: 160
FILE: admin/controller/common/column_left.php
CODE: if ($this->user->hasPermission('access', 'tool/log')) {
NOT FOUND!
----------------------------------------------------------------
MOD: Local copy OCMOD by iSenseLabs
FILE: admin/controller/extension/installer.php
CODE: 'url'  => str_replace('&amp;', '&', $this->url->link('extension/installer/ftp', 'token=' . $this->session->data['token'],
LINE: 132
CODE: public function unzip() {
LINE: 293
----------------------------------------------------------------
